{"level":"info","message":"Crear Reserva:Jesus Palomino,5,2024-12-17T19:00"}
{"level":"info","message":"Reserva Creada"}
{"level":"info","message":"Crear Reserva:Jesus Palomino,5,2024-12-17T19:00"}
{"level":"info","message":"Crear Reserva:Jesus Palomino,5,2024-12-17T19:00"}
{"level":"info","message":"Reserva Creada"}
{"level":"info","message":"Crear Reserva:Jesus Palomino,5,2024-12-17T19:00"}
{"level":"info","message":"Crear Reserva:Jesus Palomino,5,2024-12-17T19:00"}
{"level":"info","message":"Reserva Creada"}
{"level":"info","message":"Crear Reserva:Jesus Palomino,5,2024-12-17T19:00"}
{"level":"info","message":"Reserva Creada"}
{"level":"info","message":"Reserva Creada"}
{"level":"info","message":"Reserva Creada"}
{"level":"info","message":"Crear Reserva:Jesus Palomino,5,2024-12-17T19:00"}
{"level":"info","message":"Reserva Creada"}
2024-12-17T13:16:20.852Z [info] : Crear Reserva:Jesus Palomino,5,2024-12-17T19:00
2024-12-17T13:16:20.993Z [info] : Crear Reserva:Jesus Palomino,5,2024-12-17T19:00
2024-12-17T13:16:21.142Z [info] : Crear Reserva:Jesus Palomino,5,2024-12-17T19:00
2024-12-17T13:16:21.190Z [info] : Reserva Creada
2024-12-17T13:16:21.246Z [info] : Crear Reserva:Jesus Palomino,5,2024-12-17T19:00
2024-12-17T13:16:21.398Z [info] : Crear Reserva:Jesus Palomino,5,2024-12-17T19:00
2024-12-17T13:16:21.484Z [info] : Reserva Creada
2024-12-17T13:16:21.493Z [info] : Crear Reserva:Jesus Palomino,5,2024-12-17T19:00
2024-12-17T13:16:21.532Z [info] : Reserva Creada
2024-12-17T13:16:21.668Z [info] : Crear Reserva:Jesus Palomino,5,2024-12-17T19:00
2024-12-17T13:16:21.773Z [info] : Crear Reserva:Jesus Palomino,5,2024-12-17T19:00
2024-12-17T13:16:21.900Z [info] : Crear Reserva:Jesus Palomino,5,2024-12-17T19:00
2024-12-17T13:16:21.933Z [info] : Reserva Creada
2024-12-17T13:16:22.058Z [info] : Crear Reserva:Jesus Palomino,5,2024-12-17T19:00
2024-12-17T13:16:22.164Z [info] : Reserva Creada
2024-12-17T13:16:22.184Z [info] : Crear Reserva:Jesus Palomino,5,2024-12-17T19:00
2024-12-17T13:16:22.350Z [info] : Reserva Creada
2024-12-17T13:16:22.353Z [info] : Crear Reserva:Jesus Palomino,5,2024-12-17T19:00
2024-12-17T13:16:22.478Z [info] : Reserva Creada
2024-12-17T13:16:22.480Z [info] : Reserva Creada
2024-12-17T13:16:22.567Z [info] : Crear Reserva:Jesus Palomino,5,2024-12-17T19:00
2024-12-17T13:16:22.611Z [info] : Reserva Creada
2024-12-17T13:16:22.619Z [info] : Reserva Creada
2024-12-17T13:16:22.671Z [info] : Crear Reserva:Jesus Palomino,5,2024-12-17T19:00
2024-12-17T13:16:22.812Z [info] : Crear Reserva:Jesus Palomino,5,2024-12-17T19:00
2024-12-17T13:16:22.846Z [info] : Reserva Creada
2024-12-17T13:16:22.885Z [info] : Reserva Creada
2024-12-17T13:16:22.949Z [info] : Crear Reserva:Jesus Palomino,5,2024-12-17T19:00
2024-12-17T13:16:22.955Z [info] : Reserva Creada
2024-12-17T13:16:23.091Z [info] : Crear Reserva:Jesus Palomino,5,2024-12-17T19:00
2024-12-17T13:16:23.117Z [info] : Reserva Creada
2024-12-17T13:16:23.242Z [info] : Crear Reserva:Jesus Palomino,5,2024-12-17T19:00
2024-12-17T13:16:23.277Z [info] : Reserva Creada
2024-12-17T13:16:23.282Z [info] : Reserva Creada
2024-12-17T13:16:23.473Z [info] : Reserva Creada
2024-12-17T13:16:23.521Z [info] : Crear Reserva:Jesus Palomino,5,2024-12-17T19:00
2024-12-17T13:16:23.683Z [info] : Reserva Creada
2024-12-17T13:16:23.766Z [info] : Crear Reserva:Jesus Palomino,5,2024-12-17T19:00
2024-12-17T13:16:23.837Z [info] : Reserva Creada
2024-12-17T13:16:24.195Z [info] : Reserva Creada
2024-12-17T13:34:21.598Z [info] : Crear Reserva:Ponce,7,2024-12-17T08:34
2024-12-17T13:34:22.242Z [info] : Reserva Creada
2024-12-17T13:47:43.667Z [info] : Crear Reserva:LuisP,4,2024-12-14T08:46
2024-12-17T13:47:44.007Z [info] : Reserva Creada
2024-12-17T13:47:52.809Z [info] : Crear Reserva:LuisP,4,2024-12-14T08:46
2024-12-17T13:47:53.244Z [info] : Reserva Creada
2024-12-17T13:47:53.820Z [info] : Crear Reserva:LuisP,4,2024-12-14T08:46
2024-12-17T13:47:54.369Z [info] : Reserva Creada
2024-12-17T13:47:54.475Z [info] : Crear Reserva:LuisP,4,2024-12-14T08:46
2024-12-17T13:47:54.796Z [info] : Reserva Creada
2024-12-17T13:47:55.159Z [info] : Crear Reserva:LuisP,4,2024-12-14T08:46
2024-12-17T13:47:55.450Z [info] : Reserva Creada
2024-12-17T13:47:56.114Z [info] : Crear Reserva:LuisP,4,2024-12-14T08:46
2024-12-17T13:47:56.417Z [info] : Reserva Creada
2024-12-17T13:47:56.787Z [info] : Crear Reserva:LuisP,4,2024-12-14T08:46
2024-12-17T13:47:57.195Z [info] : Reserva Creada
2024-12-17T13:47:58.204Z [info] : Crear Reserva:LuisP,4,2024-12-14T08:46
2024-12-17T13:47:58.504Z [info] : Reserva Creada
2024-12-17T13:48:00.686Z [info] : Crear Reserva:LuisP,4,2024-12-14T08:46
2024-12-17T13:48:00.995Z [info] : Reserva Creada
2024-12-17T13:48:28.578Z [info] : Crear Reserva:LuisP,4,2024-12-14T08:46
2024-12-17T13:48:28.980Z [info] : Reserva Creada
